<?xml version="1.0" encoding="UTF-8"?>
<testng-results ignored="0" total="1" passed="1" failed="0" skipped="0">
  <reporter-output>
  </reporter-output>
  <suite started-at="2024-12-28T13:15:03 IST" name="Surefire suite" finished-at="2024-12-28T13:15:23 IST" duration-ms="20018">
    <groups>
    </groups>
    <test started-at="2024-12-28T13:15:03 IST" name="Surefire test" finished-at="2024-12-28T13:15:23 IST" duration-ms="20018">
      <class name="com.browserstack.BStackDemoTest">
        <test-method is-config="true" signature="setUp()[pri:0, instance:com.browserstack.BStackDemoTest@130dca52]" started-at="2024-12-28T13:15:03 IST" name="setUp" finished-at="2024-12-28T13:15:04 IST" duration-ms="1241" status="PASS">
          <reporter-output>
          </reporter-output>
        </test-method> <!-- setUp -->
        <test-method signature="main()[pri:0, instance:com.browserstack.BStackDemoTest@130dca52]" started-at="2024-12-28T13:15:04 IST" name="main" finished-at="2024-12-28T13:15:23 IST" duration-ms="18753" status="PASS">
          <reporter-output>
          </reporter-output>
        </test-method> <!-- main -->
        <test-method is-config="true" signature="tearDown()[pri:0, instance:com.browserstack.BStackDemoTest@130dca52]" started-at="2024-12-28T13:15:23 IST" name="tearDown" finished-at="2024-12-28T13:15:23 IST" duration-ms="0" status="PASS">
          <reporter-output>
          </reporter-output>
        </test-method> <!-- tearDown -->
      </class> <!-- com.browserstack.BStackDemoTest -->
    </test> <!-- Surefire test -->
  </suite> <!-- Surefire suite -->
</testng-results>
