<?xml version="1.0" encoding="UTF-8"?>
<testsuite xmlns:xsi="http://www.w3.org/2001/XMLSchema-instance" xsi:noNamespaceSchemaLocation="https://maven.apache.org/surefire/maven-surefire-plugin/xsd/surefire-test-report-3.0.xsd" version="3.0" name="TestSuite" time="21.259" tests="1" errors="0" skipped="0" failures="0">
  <properties>
[...]
</properties>
  <testcase name="main" classname="com.browserstack.BStackDemoTest" time="18.754">
    <system-out><![CDATA[1. Heading: Feijóo y la confusión
Heading(English): Feijóo and the confusion
   Body: El líder popular recurre a la hipérbole en sus críticas al Gobierno y obvia las enormes competencias autonómicas que dependen de su partido

Image downloaded successfully.
2. Heading: México mira al norte
Heading(English): Mexico looks north
   Body: El regreso de Trump a la Casa Blanca no puede ir acompañado de amenazas hacia su vecino del sur

Image downloaded successfully.
3. Heading: Las mentiras del año nuevo
Heading(English): New Year&#39;s Lies
   Body: Toca volver a engañarme y pensar que puedo ser otra a partir del 1 de enero

Image downloaded successfully.
4. Heading: Barco lleno, barco vacío
Heading(English): Full boat, empty boat
   Body: El espacio más natural de la fraternidad es la familia. No la elegimos, pero es que no elegimos casi nada de lo que más nos define

Image downloaded successfully.
5. Heading: Muertes culpables
Heading(English): Guilty deaths
   Body: Contener por la violencia las migraciones es imposible. Además, no evitará que tantas personas perezcan de miseria en sus países o en la ruta en busca de un futuro mejor

Image downloaded successfully.
Repeated words and their counts:
boat: 2
]]></system-out>
    <system-err><![CDATA[SLF4J: Failed to load class "org.slf4j.impl.StaticLoggerBinder".
SLF4J: Defaulting to no-operation (NOP) logger implementation
SLF4J: See http://www.slf4j.org/codes.html#StaticLoggerBinder for further details.
]]></system-err>
  </testcase>
</testsuite>